{"/Users/patrykstrzemiecki/projectsangular-registration-login-example/src/auth/index.js": {"path":"/Users/patrykstrzemiecki/projectsangular-registration-login-example/src/auth/index.js","statementMap":{"0":{"start":{"line":1,"column":12},"end":{"line":1,"column":26}},"1":{"start":{"line":4,"column":17},"end":{"line":7,"column":36}},"2":{"start":{"line":8,"column":2},"end":{"line":8,"column":33}},"3":{"start":{"line":11,"column":17},"end":{"line":26,"column":1}},"4":{"start":{"line":13,"column":2},"end":{"line":25,"column":4}},"5":{"start":{"line":14,"column":4},"end":{"line":24,"column":11}},"6":{"start":{"line":15,"column":24},"end":{"line":15,"column":48}},"7":{"start":{"line":16,"column":6},"end":{"line":16,"column":30}},"8":{"start":{"line":16,"column":17},"end":{"line":16,"column":30}},"9":{"start":{"line":18,"column":32},"end":{"line":18,"column":71}},"10":{"start":{"line":19,"column":6},"end":{"line":19,"column":73}},"11":{"start":{"line":19,"column":33},"end":{"line":19,"column":73}},"12":{"start":{"line":21,"column":6},"end":{"line":21,"column":29}},"13":{"start":{"line":23,"column":6},"end":{"line":23,"column":15}},"14":{"start":{"line":28,"column":0},"end":{"line":30,"column":1}}},"fnMap":{"0":{"name":"validateHeaders","decl":{"start":{"line":3,"column":9},"end":{"line":3,"column":24}},"loc":{"start":{"line":3,"column":35},"end":{"line":9,"column":1}},"line":3},"1":{"name":"(anonymous_1)","decl":{"start":{"line":11,"column":17},"end":{"line":11,"column":18}},"loc":{"start":{"line":11,"column":36},"end":{"line":26,"column":1}},"line":11},"2":{"name":"(anonymous_2)","decl":{"start":{"line":13,"column":21},"end":{"line":13,"column":22}},"loc":{"start":{"line":13,"column":42},"end":{"line":25,"column":3}},"line":13},"3":{"name":"(anonymous_3)","decl":{"start":{"line":14,"column":15},"end":{"line":14,"column":16}},"loc":{"start":{"line":14,"column":21},"end":{"line":24,"column":5}},"line":14}},"branchMap":{"0":{"loc":{"start":{"line":16,"column":6},"end":{"line":16,"column":30}},"type":"if","locations":[{"start":{"line":16,"column":6},"end":{"line":16,"column":30}},{"start":{"line":16,"column":6},"end":{"line":16,"column":30}}],"line":16},"1":{"loc":{"start":{"line":19,"column":6},"end":{"line":19,"column":73}},"type":"if","locations":[{"start":{"line":19,"column":6},"end":{"line":19,"column":73}},{"start":{"line":19,"column":6},"end":{"line":19,"column":73}}],"line":19}},"s":{"0":2,"1":8,"2":8,"3":2,"4":8,"5":8,"6":8,"7":8,"8":0,"9":8,"10":8,"11":0,"12":8,"13":8,"14":2},"f":{"0":8,"1":8,"2":8,"3":8},"b":{"0":[0,8],"1":[0,8]},"_coverageSchema":"1a1c01bbd47fc00a2c39e90264f33305004495a9","hash":"dafe854e50e28ca861a1a3cfe7093001e05277cc"}
,"/Users/patrykstrzemiecki/projectsangular-registration-login-example/src/controllers/index.js": {"path":"/Users/patrykstrzemiecki/projectsangular-registration-login-example/src/controllers/index.js","statementMap":{"0":{"start":{"line":1,"column":16},"end":{"line":1,"column":36}},"1":{"start":{"line":3,"column":12},"end":{"line":5,"column":1}},"2":{"start":{"line":4,"column":2},"end":{"line":4,"column":25}},"3":{"start":{"line":7,"column":0},"end":{"line":10,"column":1}}},"fnMap":{"0":{"name":"(anonymous_0)","decl":{"start":{"line":3,"column":12},"end":{"line":3,"column":13}},"loc":{"start":{"line":3,"column":32},"end":{"line":5,"column":1}},"line":3}},"branchMap":{},"s":{"0":2,"1":2,"2":1,"3":2},"f":{"0":1},"b":{},"_coverageSchema":"1a1c01bbd47fc00a2c39e90264f33305004495a9","hash":"8e5672756074a2ff31388bcf7c2bda8c99422247"}
,"/Users/patrykstrzemiecki/projectsangular-registration-login-example/src/controllers/courses/index.js": {"path":"/Users/patrykstrzemiecki/projectsangular-registration-login-example/src/controllers/courses/index.js","statementMap":{"0":{"start":{"line":1,"column":12},"end":{"line":1,"column":26}},"1":{"start":{"line":2,"column":17},"end":{"line":2,"column":42}},"2":{"start":{"line":3,"column":13},"end":{"line":3,"column":34}},"3":{"start":{"line":4,"column":20},"end":{"line":4,"column":40}},"4":{"start":{"line":6,"column":15},"end":{"line":8,"column":1}},"5":{"start":{"line":7,"column":2},"end":{"line":7,"column":49}},"6":{"start":{"line":10,"column":25},"end":{"line":28,"column":1}},"7":{"start":{"line":11,"column":2},"end":{"line":14,"column":6}},"8":{"start":{"line":13,"column":6},"end":{"line":13,"column":56}},"9":{"start":{"line":16,"column":17},"end":{"line":16,"column":77}},"10":{"start":{"line":16,"column":46},"end":{"line":16,"column":76}},"11":{"start":{"line":17,"column":2},"end":{"line":17,"column":84}},"12":{"start":{"line":17,"column":15},"end":{"line":17,"column":84}},"13":{"start":{"line":19,"column":20},"end":{"line":19,"column":44}},"14":{"start":{"line":20,"column":2},"end":{"line":20,"column":66}},"15":{"start":{"line":20,"column":13},"end":{"line":20,"column":66}},"16":{"start":{"line":22,"column":16},"end":{"line":22,"column":50}},"17":{"start":{"line":23,"column":2},"end":{"line":23,"column":37}},"18":{"start":{"line":25,"column":2},"end":{"line":25,"column":29}},"19":{"start":{"line":26,"column":2},"end":{"line":26,"column":26}},"20":{"start":{"line":27,"column":2},"end":{"line":27,"column":25}},"21":{"start":{"line":30,"column":22},"end":{"line":34,"column":1}},"22":{"start":{"line":31,"column":17},"end":{"line":31,"column":79}},"23":{"start":{"line":31,"column":46},"end":{"line":31,"column":78}},"24":{"start":{"line":32,"column":2},"end":{"line":32,"column":86}},"25":{"start":{"line":32,"column":15},"end":{"line":32,"column":86}},"26":{"start":{"line":33,"column":2},"end":{"line":33,"column":18}},"27":{"start":{"line":36,"column":21},"end":{"line":48,"column":1}},"28":{"start":{"line":37,"column":2},"end":{"line":40,"column":6}},"29":{"start":{"line":39,"column":6},"end":{"line":39,"column":56}},"30":{"start":{"line":42,"column":20},"end":{"line":42,"column":44}},"31":{"start":{"line":43,"column":2},"end":{"line":43,"column":66}},"32":{"start":{"line":43,"column":13},"end":{"line":43,"column":66}},"33":{"start":{"line":45,"column":17},"end":{"line":45,"column":75}},"34":{"start":{"line":46,"column":2},"end":{"line":46,"column":26}},"35":{"start":{"line":47,"column":2},"end":{"line":47,"column":25}},"36":{"start":{"line":50,"column":25},"end":{"line":62,"column":1}},"37":{"start":{"line":51,"column":2},"end":{"line":54,"column":6}},"38":{"start":{"line":53,"column":6},"end":{"line":53,"column":56}},"39":{"start":{"line":56,"column":17},"end":{"line":56,"column":79}},"40":{"start":{"line":56,"column":46},"end":{"line":56,"column":78}},"41":{"start":{"line":57,"column":2},"end":{"line":57,"column":86}},"42":{"start":{"line":57,"column":15},"end":{"line":57,"column":86}},"43":{"start":{"line":59,"column":16},"end":{"line":59,"column":50}},"44":{"start":{"line":60,"column":2},"end":{"line":60,"column":30}},"45":{"start":{"line":61,"column":2},"end":{"line":61,"column":25}},"46":{"start":{"line":65,"column":17},"end":{"line":71,"column":4}},"47":{"start":{"line":72,"column":2},"end":{"line":72,"column":32}},"48":{"start":{"line":75,"column":0},"end":{"line":81,"column":1}}},"fnMap":{"0":{"name":"(anonymous_0)","decl":{"start":{"line":6,"column":15},"end":{"line":6,"column":16}},"loc":{"start":{"line":6,"column":35},"end":{"line":8,"column":1}},"line":6},"1":{"name":"(anonymous_1)","decl":{"start":{"line":10,"column":25},"end":{"line":10,"column":26}},"loc":{"start":{"line":10,"column":45},"end":{"line":28,"column":1}},"line":10},"2":{"name":"(anonymous_2)","decl":{"start":{"line":12,"column":11},"end":{"line":12,"column":12}},"loc":{"start":{"line":12,"column":18},"end":{"line":14,"column":5}},"line":12},"3":{"name":"(anonymous_3)","decl":{"start":{"line":16,"column":41},"end":{"line":16,"column":42}},"loc":{"start":{"line":16,"column":46},"end":{"line":16,"column":76}},"line":16},"4":{"name":"(anonymous_4)","decl":{"start":{"line":30,"column":22},"end":{"line":30,"column":23}},"loc":{"start":{"line":30,"column":42},"end":{"line":34,"column":1}},"line":30},"5":{"name":"(anonymous_5)","decl":{"start":{"line":31,"column":41},"end":{"line":31,"column":42}},"loc":{"start":{"line":31,"column":46},"end":{"line":31,"column":78}},"line":31},"6":{"name":"(anonymous_6)","decl":{"start":{"line":36,"column":21},"end":{"line":36,"column":22}},"loc":{"start":{"line":36,"column":41},"end":{"line":48,"column":1}},"line":36},"7":{"name":"(anonymous_7)","decl":{"start":{"line":38,"column":11},"end":{"line":38,"column":12}},"loc":{"start":{"line":38,"column":18},"end":{"line":40,"column":5}},"line":38},"8":{"name":"(anonymous_8)","decl":{"start":{"line":50,"column":25},"end":{"line":50,"column":26}},"loc":{"start":{"line":50,"column":45},"end":{"line":62,"column":1}},"line":50},"9":{"name":"(anonymous_9)","decl":{"start":{"line":52,"column":11},"end":{"line":52,"column":12}},"loc":{"start":{"line":52,"column":18},"end":{"line":54,"column":5}},"line":52},"10":{"name":"(anonymous_10)","decl":{"start":{"line":56,"column":41},"end":{"line":56,"column":42}},"loc":{"start":{"line":56,"column":46},"end":{"line":56,"column":78}},"line":56},"11":{"name":"validateCourse","decl":{"start":{"line":64,"column":9},"end":{"line":64,"column":23}},"loc":{"start":{"line":64,"column":33},"end":{"line":73,"column":1}},"line":64}},"branchMap":{"0":{"loc":{"start":{"line":17,"column":2},"end":{"line":17,"column":84}},"type":"if","locations":[{"start":{"line":17,"column":2},"end":{"line":17,"column":84}},{"start":{"line":17,"column":2},"end":{"line":17,"column":84}}],"line":17},"1":{"loc":{"start":{"line":20,"column":2},"end":{"line":20,"column":66}},"type":"if","locations":[{"start":{"line":20,"column":2},"end":{"line":20,"column":66}},{"start":{"line":20,"column":2},"end":{"line":20,"column":66}}],"line":20},"2":{"loc":{"start":{"line":32,"column":2},"end":{"line":32,"column":86}},"type":"if","locations":[{"start":{"line":32,"column":2},"end":{"line":32,"column":86}},{"start":{"line":32,"column":2},"end":{"line":32,"column":86}}],"line":32},"3":{"loc":{"start":{"line":43,"column":2},"end":{"line":43,"column":66}},"type":"if","locations":[{"start":{"line":43,"column":2},"end":{"line":43,"column":66}},{"start":{"line":43,"column":2},"end":{"line":43,"column":66}}],"line":43},"4":{"loc":{"start":{"line":57,"column":2},"end":{"line":57,"column":86}},"type":"if","locations":[{"start":{"line":57,"column":2},"end":{"line":57,"column":86}},{"start":{"line":57,"column":2},"end":{"line":57,"column":86}}],"line":57}},"s":{"0":2,"1":2,"2":2,"3":2,"4":2,"5":1,"6":2,"7":2,"8":0,"9":2,"10":4,"11":2,"12":1,"13":1,"14":1,"15":0,"16":1,"17":1,"18":1,"19":1,"20":1,"21":2,"22":2,"23":3,"24":2,"25":1,"26":1,"27":2,"28":4,"29":0,"30":4,"31":4,"32":2,"33":2,"34":2,"35":2,"36":2,"37":2,"38":0,"39":2,"40":3,"41":2,"42":1,"43":1,"44":1,"45":1,"46":5,"47":5,"48":2},"f":{"0":1,"1":2,"2":0,"3":4,"4":2,"5":3,"6":4,"7":0,"8":2,"9":0,"10":3,"11":5},"b":{"0":[1,1],"1":[0,1],"2":[1,1],"3":[2,2],"4":[1,1]},"_coverageSchema":"1a1c01bbd47fc00a2c39e90264f33305004495a9","hash":"85622cd46c9efeed31fa96b7f8398a33075bfb8b"}
,"/Users/patrykstrzemiecki/projectsangular-registration-login-example/src/database/index.js": {"path":"/Users/patrykstrzemiecki/projectsangular-registration-login-example/src/database/index.js","statementMap":{"0":{"start":{"line":1,"column":18},"end":{"line":1,"column":20}},"1":{"start":{"line":4,"column":2},"end":{"line":4,"column":20}},"2":{"start":{"line":8,"column":2},"end":{"line":8,"column":20}},"3":{"start":{"line":11,"column":0},"end":{"line":15,"column":1}}},"fnMap":{"0":{"name":"update","decl":{"start":{"line":3,"column":9},"end":{"line":3,"column":15}},"loc":{"start":{"line":3,"column":23},"end":{"line":5,"column":1}},"line":3},"1":{"name":"current","decl":{"start":{"line":7,"column":9},"end":{"line":7,"column":16}},"loc":{"start":{"line":7,"column":20},"end":{"line":9,"column":1}},"line":7}},"branchMap":{},"s":{"0":2,"1":5,"2":12,"3":2},"f":{"0":5,"1":12},"b":{},"_coverageSchema":"1a1c01bbd47fc00a2c39e90264f33305004495a9","hash":"72d6459f1393f9e5d78ce86b18f1e157a236811b"}
,"/Users/patrykstrzemiecki/projectsangular-registration-login-example/src/routes/index.js": {"path":"/Users/patrykstrzemiecki/projectsangular-registration-login-example/src/routes/index.js","statementMap":{"0":{"start":{"line":1,"column":19},"end":{"line":1,"column":37}},"1":{"start":{"line":2,"column":20},"end":{"line":2,"column":45}},"2":{"start":{"line":3,"column":15},"end":{"line":3,"column":23}},"3":{"start":{"line":5,"column":0},"end":{"line":5,"column":51}},"4":{"start":{"line":6,"column":0},"end":{"line":6,"column":33}},"5":{"start":{"line":7,"column":0},"end":{"line":7,"column":62}},"6":{"start":{"line":8,"column":0},"end":{"line":8,"column":68}},"7":{"start":{"line":9,"column":0},"end":{"line":9,"column":58}},"8":{"start":{"line":10,"column":0},"end":{"line":10,"column":61}},"9":{"start":{"line":12,"column":0},"end":{"line":12,"column":24}}},"fnMap":{},"branchMap":{},"s":{"0":2,"1":2,"2":2,"3":2,"4":2,"5":2,"6":2,"7":2,"8":2,"9":2},"f":{},"b":{},"_coverageSchema":"1a1c01bbd47fc00a2c39e90264f33305004495a9","hash":"9d494f67c486f2bd3a84ffdf631d8cfbda945c5b"}
,"/Users/patrykstrzemiecki/projectsangular-registration-login-example/src/server/index.js": {"path":"/Users/patrykstrzemiecki/projectsangular-registration-login-example/src/server/index.js","statementMap":{"0":{"start":{"line":1,"column":16},"end":{"line":1,"column":34}},"1":{"start":{"line":2,"column":15},"end":{"line":2,"column":35}},"2":{"start":{"line":3,"column":15},"end":{"line":3,"column":24}},"3":{"start":{"line":5,"column":16},"end":{"line":5,"column":49}},"4":{"start":{"line":6,"column":18},"end":{"line":6,"column":47}},"5":{"start":{"line":7,"column":24},"end":{"line":7,"column":49}},"6":{"start":{"line":8,"column":22},"end":{"line":8,"column":24}},"7":{"start":{"line":9,"column":16},"end":{"line":12,"column":1}},"8":{"start":{"line":13,"column":20},"end":{"line":13,"column":24}},"9":{"start":{"line":14,"column":0},"end":{"line":14,"column":64}},"10":{"start":{"line":15,"column":0},"end":{"line":15,"column":83}},"11":{"start":{"line":16,"column":0},"end":{"line":16,"column":57}},"12":{"start":{"line":17,"column":0},"end":{"line":17,"column":40}},"13":{"start":{"line":19,"column":0},"end":{"line":19,"column":26}},"14":{"start":{"line":20,"column":0},"end":{"line":20,"column":26}},"15":{"start":{"line":22,"column":0},"end":{"line":22,"column":23}}},"fnMap":{},"branchMap":{},"s":{"0":2,"1":2,"2":2,"3":2,"4":2,"5":2,"6":2,"7":2,"8":2,"9":2,"10":2,"11":2,"12":2,"13":2,"14":2,"15":2},"f":{},"b":{},"_coverageSchema":"1a1c01bbd47fc00a2c39e90264f33305004495a9","hash":"920cb879ad1e1ab53e4fd1a90c30a5637023f677"}
}
