TN:
SF:auth/index.js
FN:3,validateHeaders
FN:11,(anonymous_1)
FN:13,(anonymous_2)
FN:14,(anonymous_3)
FNF:4
FNH:4
FNDA:8,validateHeaders
FNDA:8,(anonymous_1)
FNDA:8,(anonymous_2)
FNDA:8,(anonymous_3)
DA:1,2
DA:4,8
DA:8,8
DA:11,2
DA:13,8
DA:14,8
DA:15,8
DA:16,8
DA:18,8
DA:19,8
DA:21,8
DA:23,8
DA:28,2
LF:13
LH:13
BRDA:16,0,0,0
BRDA:16,0,1,8
BRDA:19,1,0,0
BRDA:19,1,1,8
BRF:4
BRH:2
end_of_record
TN:
SF:controllers/index.js
FN:3,(anonymous_0)
FNF:1
FNH:1
FNDA:1,(anonymous_0)
DA:1,2
DA:3,2
DA:4,1
DA:7,2
LF:4
LH:4
BRF:0
BRH:0
end_of_record
TN:
SF:controllers/courses/index.js
FN:6,(anonymous_0)
FN:10,(anonymous_1)
FN:12,(anonymous_2)
FN:16,(anonymous_3)
FN:30,(anonymous_4)
FN:31,(anonymous_5)
FN:36,(anonymous_6)
FN:38,(anonymous_7)
FN:50,(anonymous_8)
FN:52,(anonymous_9)
FN:56,(anonymous_10)
FN:64,validateCourse
FNF:12
FNH:9
FNDA:1,(anonymous_0)
FNDA:2,(anonymous_1)
FNDA:0,(anonymous_2)
FNDA:4,(anonymous_3)
FNDA:2,(anonymous_4)
FNDA:3,(anonymous_5)
FNDA:4,(anonymous_6)
FNDA:0,(anonymous_7)
FNDA:2,(anonymous_8)
FNDA:0,(anonymous_9)
FNDA:3,(anonymous_10)
FNDA:5,validateCourse
DA:1,2
DA:2,2
DA:3,2
DA:4,2
DA:6,2
DA:7,1
DA:10,2
DA:11,2
DA:13,0
DA:16,4
DA:17,2
DA:19,1
DA:20,1
DA:22,1
DA:23,1
DA:25,1
DA:26,1
DA:27,1
DA:30,2
DA:31,3
DA:32,2
DA:33,1
DA:36,2
DA:37,4
DA:39,0
DA:42,4
DA:43,4
DA:45,2
DA:46,2
DA:47,2
DA:50,2
DA:51,2
DA:53,0
DA:56,3
DA:57,2
DA:59,1
DA:60,1
DA:61,1
DA:65,5
DA:72,5
DA:75,2
LF:41
LH:38
BRDA:17,0,0,1
BRDA:17,0,1,1
BRDA:20,1,0,0
BRDA:20,1,1,1
BRDA:32,2,0,1
BRDA:32,2,1,1
BRDA:43,3,0,2
BRDA:43,3,1,2
BRDA:57,4,0,1
BRDA:57,4,1,1
BRF:10
BRH:9
end_of_record
TN:
SF:database/index.js
FN:3,update
FN:7,current
FNF:2
FNH:2
FNDA:5,update
FNDA:12,current
DA:1,2
DA:4,5
DA:8,12
DA:11,2
LF:4
LH:4
BRF:0
BRH:0
end_of_record
TN:
SF:routes/index.js
FNF:0
FNH:0
DA:1,2
DA:2,2
DA:3,2
DA:5,2
DA:6,2
DA:7,2
DA:8,2
DA:9,2
DA:10,2
DA:12,2
LF:10
LH:10
BRF:0
BRH:0
end_of_record
TN:
SF:server/index.js
FNF:0
FNH:0
DA:1,2
DA:2,2
DA:3,2
DA:5,2
DA:6,2
DA:7,2
DA:8,2
DA:9,2
DA:13,2
DA:14,2
DA:15,2
DA:16,2
DA:17,2
DA:19,2
DA:20,2
DA:22,2
LF:16
LH:16
BRF:0
BRH:0
end_of_record
